<?xml version="1.0" encoding="UTF-8"?>
<testng-results ignored="0" total="1" passed="1" failed="0" skipped="0">
  <reporter-output>
  </reporter-output>
  <suite started-at="2024-08-21T18:19:37 IST" name="Default suite" finished-at="2024-08-21T18:19:37 IST" duration-ms="143">
    <groups>
    </groups>
    <test started-at="2024-08-21T18:19:37 IST" name="Default test" finished-at="2024-08-21T18:19:37 IST" duration-ms="143">
      <class name="testNG18Aug.Example1">
        <test-method signature="testCase1()[pri:0, instance:testNG18Aug.Example1@32502377]" started-at="2024-08-21T18:19:37 IST" name="testCase1" finished-at="2024-08-21T18:19:37 IST" duration-ms="23" status="PASS">
          <reporter-output>
          </reporter-output>
        </test-method> <!-- testCase1 -->
      </class> <!-- testNG18Aug.Example1 -->
    </test> <!-- Default test -->
  </suite> <!-- Default suite -->
</testng-results>
